Started at Wed Jan 06 10:19:56 UTC 2021
Processing ansible-test
Offering ansible-test to Project Build Discarder
Processing ENV
Offering ENV to Project Build Discarder
Processing jenkins_deploy_remote_tomcat
Offering jenkins_deploy_remote_tomcat to Project Build Discarder
Processing job-dsl
Offering job-dsl to Project Build Discarder
Processing job_dsl_created
Offering job_dsl_created to Project Build Discarder
Processing job_dsl_example
Offering job_dsl_example to Project Build Discarder
Processing maven-job
Offering maven-job to Project Build Discarder
Processing my-first-job
Offering my-first-job to Project Build Discarder
Processing remote-task
Offering remote-task to Project Build Discarder
Finished at Wed Jan 06 10:19:56 UTC 2021. 3ms
Started at Wed Jan 06 11:19:56 UTC 2021
Processing ansible-test
Offering ansible-test to Project Build Discarder
Processing ENV
Offering ENV to Project Build Discarder
Processing jenkins_deploy_remote_tomcat
Offering jenkins_deploy_remote_tomcat to Project Build Discarder
Processing job-dsl
Offering job-dsl to Project Build Discarder
Processing job_dsl_created
Offering job_dsl_created to Project Build Discarder
Processing job_dsl_example
Offering job_dsl_example to Project Build Discarder
Processing maven-job
Offering maven-job to Project Build Discarder
Processing my-first-job
Offering my-first-job to Project Build Discarder
Processing remote-task
Offering remote-task to Project Build Discarder
Finished at Wed Jan 06 11:19:56 UTC 2021. 2ms
Started at Wed Jan 06 12:19:56 UTC 2021
Processing ansible-test
Offering ansible-test to Project Build Discarder
Processing ENV
Offering ENV to Project Build Discarder
Processing jenkins_deploy_remote_tomcat
Offering jenkins_deploy_remote_tomcat to Project Build Discarder
Processing job-dsl
Offering job-dsl to Project Build Discarder
Processing job_dsl_created
Offering job_dsl_created to Project Build Discarder
Processing job_dsl_example
Offering job_dsl_example to Project Build Discarder
Processing maven-job
Offering maven-job to Project Build Discarder
Processing my-first-job
Offering my-first-job to Project Build Discarder
Processing remote-task
Offering remote-task to Project Build Discarder
Finished at Wed Jan 06 12:19:56 UTC 2021. 4ms
Started at Wed Jan 06 13:19:56 UTC 2021
Processing ansible-test
Offering ansible-test to Project Build Discarder
Processing ENV
Offering ENV to Project Build Discarder
Processing jenkins_deploy_remote_tomcat
Offering jenkins_deploy_remote_tomcat to Project Build Discarder
Processing job-dsl
Offering job-dsl to Project Build Discarder
Processing job_dsl_created
Offering job_dsl_created to Project Build Discarder
Processing job_dsl_example
Offering job_dsl_example to Project Build Discarder
Processing maven-job
Offering maven-job to Project Build Discarder
Processing my-first-job
Offering my-first-job to Project Build Discarder
Processing remote-task
Offering remote-task to Project Build Discarder
Finished at Wed Jan 06 13:19:56 UTC 2021. 3ms
